# JRE version: Java(TM) SE Runtime Environment (17.0.1+12) (build 17.0.1+12-LTS-39)
# Java VM: Java HotSpot(TM) 64-Bit Server VM (17.0.1+12-LTS-39, mixed mode, emulated-client, sharing, tiered, compressed oops, compressed class ptrs, g1 gc, windows-amd64)
GC Precious Log:
 CPUs: 2 total, 2 available
 Memory: 4001M
 Large Page Support: Disabled
 NUMA Support: Disabled
 Compressed Oops: Enabled (32-bit)
 Heap Region Size: 1M
 Heap Min Capacity: 8M
 Heap Initial Capacity: 64M
 Heap Max Capacity: 1002M
 Pre-touch: Disabled
 Parallel Workers: 2
 Concurrent Workers: 1
 Concurrent Refinement Workers: 2
 Periodic GC: Disabled
Heap:
 garbage-first heap   total 75776K, used 51876K [0x00000000c1600000, 0x0000000100000000)
  region size 1024K, 28 young (28672K), 3 survivors (3072K)
 Metaspace       used 51478K, committed 51904K, reserved 1097728K
  class space    used 7248K, committed 7488K, reserved 1048576K
GC Heap History (20 events):
Event: 6.308 GC heap after
{Heap after GC invocations=14 (full 0):
 garbage-first heap   total 156672K, used 19424K [0x00000000c1600000, 0x0000000100000000)
  region size 1024K, 4 young (4096K), 4 survivors (4096K)
 Metaspace       used 35754K, committed 36096K, reserved 1081344K
  class space    used 4920K, committed 5120K, reserved 1048576K
}
Event: 7.308 GC heap before
{Heap before GC invocations=15 (full 0):
 garbage-first heap   total 75776K, used 65504K [0x00000000c1600000, 0x0000000100000000)
  region size 1024K, 51 young (52224K), 4 survivors (4096K)
 Metaspace       used 43521K, committed 43840K, reserved 1089536K
  class space    used 6111K, committed 6272K, reserved 1048576K
}
Event: 7.320 GC heap after
{Heap after GC invocations=16 (full 0):
 garbage-first heap   total 75776K, used 21690K [0x00000000c1600000, 0x0000000100000000)
  region size 1024K, 6 young (6144K), 6 survivors (6144K)
 Metaspace       used 43521K, committed 43840K, reserved 1089536K
  class space    used 6111K, committed 6272K, reserved 1048576K
}
Event: 7.384 GC heap before
{Heap before GC invocations=16 (full 0):
 garbage-first heap   total 75776K, used 23738K [0x00000000c1600000, 0x0000000100000000)
  region size 1024K, 8 young (8192K), 6 survivors (6144K)
 Metaspace       used 44212K, committed 44544K, reserved 1089536K
  class space    used 6178K, committed 6336K, reserved 1048576K
}
Event: 7.396 GC heap after
{Heap after GC invocations=17 (full 0):
 garbage-first heap   total 75776K, used 21966K [0x00000000c1600000, 0x0000000100000000)
  region size 1024K, 1 young (1024K), 1 survivors (1024K)
 Metaspace       used 44212K, committed 44544K, reserved 1089536K
  class space    used 6178K, committed 6336K, reserved 1048576K
}
Event: 8.343 GC heap before
{Heap before GC invocations=17 (full 0):
 garbage-first heap   total 75776K, used 59854K [0x00000000c1600000, 0x0000000100000000)
  region size 1024K, 38 young (38912K), 1 survivors (1024K)
 Metaspace       used 49224K, committed 49664K, reserved 1097728K
  class space    used 6858K, committed 7040K, reserved 1048576K
}
Event: 8.355 GC heap after
{Heap after GC invocations=18 (full 0):
 garbage-first heap   total 75776K, used 24959K [0x00000000c1600000, 0x0000000100000000)
  region size 1024K, 4 young (4096K), 4 survivors (4096K)
 Metaspace       used 49224K, committed 49664K, reserved 1097728K
  class space    used 6858K, committed 7040K, reserved 1048576K
}
Event: 216.393 GC heap before
{Heap before GC invocations=19 (full 0):
 garbage-first heap   total 75776K, used 59775K [0x00000000c1600000, 0x0000000100000000)
  region size 1024K, 38 young (38912K), 4 survivors (4096K)
 Metaspace       used 51324K, committed 51776K, reserved 1097728K
  class space    used 7217K, committed 7424K, reserved 1048576K
}
Event: 216.420 GC heap after
{Heap after GC invocations=20 (full 0):
 garbage-first heap   total 75776K, used 26182K [0x00000000c1600000, 0x0000000100000000)
  region size 1024K, 2 young (2048K), 2 survivors (2048K)
 Metaspace       used 51324K, committed 51776K, reserved 1097728K
  class space    used 7217K, committed 7424K, reserved 1048576K
}
Event: 766.975 GC heap before
{Heap before GC invocations=20 (full 0):
 garbage-first heap   total 75776K, used 59974K [0x00000000c1600000, 0x0000000100000000)
  region size 1024K, 35 young (35840K), 2 survivors (2048K)
 Metaspace       used 51324K, committed 51776K, reserved 1097728K
  class space    used 7217K, committed 7424K, reserved 1048576K
}
Event: 766.985 GC heap after
{Heap after GC invocations=21 (full 0):
 garbage-first heap   total 75776K, used 25907K [0x00000000c1600000, 0x0000000100000000)
  region size 1024K, 2 young (2048K), 2 survivors (2048K)
 Metaspace       used 51324K, committed 51776K, reserved 1097728K
  class space    used 7217K, committed 7424K, reserved 1048576K
}
Event: 1338.785 GC heap before
{Heap before GC invocations=21 (full 0):
 garbage-first heap   total 75776K, used 60723K [0x00000000c1600000, 0x0000000100000000)
  region size 1024K, 36 young (36864K), 2 survivors (2048K)
 Metaspace       used 51324K, committed 51776K, reserved 1097728K
  class space    used 7217K, committed 7424K, reserved 1048576K
}
Event: 1338.796 GC heap after
{Heap after GC invocations=22 (full 0):
 garbage-first heap   total 75776K, used 25821K [0x00000000c1600000, 0x0000000100000000)
  region size 1024K, 2 young (2048K), 2 survivors (2048K)
 Metaspace       used 51324K, committed 51776K, reserved 1097728K
  class space    used 7217K, committed 7424K, reserved 1048576K
}
Event: 1787.333 GC heap before
{Heap before GC invocations=22 (full 0):
 garbage-first heap   total 75776K, used 61661K [0x00000000c1600000, 0x0000000100000000)
  region size 1024K, 37 young (37888K), 2 survivors (2048K)
 Metaspace       used 51362K, committed 51776K, reserved 1097728K
  class space    used 7224K, committed 7424K, reserved 1048576K
}
Event: 1787.339 GC heap after
{Heap after GC invocations=23 (full 0):
 garbage-first heap   total 75776K, used 26045K [0x00000000c1600000, 0x0000000100000000)
  region size 1024K, 2 young (2048K), 2 survivors (2048K)
 Metaspace       used 51362K, committed 51776K, reserved 1097728K
  class space    used 7224K, committed 7424K, reserved 1048576K
}
Event: 2269.908 GC heap before
{Heap before GC invocations=23 (full 0):
 garbage-first heap   total 75776K, used 62909K [0x00000000c1600000, 0x0000000100000000)
  region size 1024K, 38 young (38912K), 2 survivors (2048K)
 Metaspace       used 51375K, committed 51776K, reserved 1097728K
  class space    used 7226K, committed 7424K, reserved 1048576K
}
Event: 2269.922 GC heap after
{Heap after GC invocations=24 (full 0):
 garbage-first heap   total 75776K, used 26418K [0x00000000c1600000, 0x0000000100000000)
  region size 1024K, 2 young (2048K), 2 survivors (2048K)
 Metaspace       used 51375K, committed 51776K, reserved 1097728K
  class space    used 7226K, committed 7424K, reserved 1048576K
}
Event: 11300.908 GC heap before
{Heap before GC invocations=24 (full 0):
 garbage-first heap   total 75776K, used 63282K [0x00000000c1600000, 0x0000000100000000)
  region size 1024K, 38 young (38912K), 2 survivors (2048K)
 Metaspace       used 51376K, committed 51776K, reserved 1097728K
  class space    used 7226K, committed 7424K, reserved 1048576K
}
Event: 11300.919 GC heap after
{Heap after GC invocations=25 (full 0):
 garbage-first heap   total 75776K, used 26744K [0x00000000c1600000, 0x0000000100000000)
  region size 1024K, 3 young (3072K), 3 survivors (3072K)
 Metaspace       used 51376K, committed 51776K, reserved 1097728K
  class space    used 7226K, committed 7424K, reserved 1048576K
}
Event: 11682.498 GC heap before
{Heap before GC invocations=25 (full 0):
 garbage-first heap   total 75776K, used 51320K [0x00000000c1600000, 0x0000000100000000)
  region size 1024K, 28 young (28672K), 3 survivors (3072K)
 Metaspace       used 51478K, committed 51904K, reserved 1097728K
  class space    used 7248K, committed 7488K, reserved 1048576K
}

